<?xml version="1.0" encoding="UTF-8"?>
<testsuite name="AutoTest" tests="5" skipped="0" failures="0" errors="0" timestamp="2021-10-04T00:25:44" hostname="MacBook-Air-de-Julian.local" time="0.139">
  <properties/>
  <testcase name="acelerarTest()" classname="AutoTest" time="0.127"/>
  <testcase name="llenarTanqueNoLlenoTest()" classname="AutoTest" time="0.001"/>
  <testcase name="consumirTodoTest()" classname="AutoTest" time="0.002"/>
  <testcase name="consumirMenosTest()" classname="AutoTest" time="0.0"/>
  <testcase name="llenarTanqueLlenoTest()" classname="AutoTest" time="0.002"/>
  <system-out><![CDATA[Acelerando 10Km/h
]]></system-out>
  <system-err><![CDATA[]]></system-err>
</testsuite>
